<?xml version="1.0" encoding="UTF-8"?>
<!-- Generated by org.testng.reporters.JUnitXMLReporter -->
<testsuite ignored="0" hostname="phanis-MacBook-Air.local" failures="0" tests="3" name="Default test" time="22.813" errors="0" timestamp="2020-09-16T15:05:03 IST">
  <testcase classname="com.qa.amazon.testpages.LoginPageTest" name="doVerifyLoginPageTitle" time="0.338"/>
  <testcase classname="com.qa.amazon.testpages.LoginPageTest" name="doVerifyLogin" time="9.226"/>
  <testcase classname="com.qa.amazon.testpages.LoginPageTest" name="doVerifyHomePageTitle" time="0.703"/>
</testsuite> <!-- Default test -->
