<?xml version="1.0" encoding="UTF-8"?>
<testng-results ignored="0" total="3" passed="3" failed="0" skipped="0">
  <reporter-output>
  </reporter-output>
  <suite started-at="2020-09-16T15:04:35 IST" name="Default suite" finished-at="2020-09-16T15:04:58 IST" duration-ms="22813">
    <groups>
    </groups>
    <test started-at="2020-09-16T15:04:35 IST" name="Default test" finished-at="2020-09-16T15:04:58 IST" duration-ms="22813">
      <class name="com.qa.amazon.testpages.LoginPageTest">
        <test-method is-config="true" signature="Setup()[pri:0, instance:com.qa.amazon.testpages.LoginPageTest@3a6bb9bf]" started-at="2020-09-16T15:04:35 IST" name="Setup" finished-at="2020-09-16T15:04:47 IST" duration-ms="12016" status="PASS">
          <reporter-output>
          </reporter-output>
        </test-method> <!-- Setup -->
        <test-method signature="doVerifyLoginPageTitle()[pri:1, instance:com.qa.amazon.testpages.LoginPageTest@3a6bb9bf]" started-at="2020-09-16T15:04:47 IST" name="doVerifyLoginPageTitle" finished-at="2020-09-16T15:04:48 IST" duration-ms="338" status="PASS">
          <reporter-output>
          </reporter-output>
        </test-method> <!-- doVerifyLoginPageTitle -->
        <test-method signature="doVerifyLogin()[pri:2, instance:com.qa.amazon.testpages.LoginPageTest@3a6bb9bf]" started-at="2020-09-16T15:04:48 IST" name="doVerifyLogin" finished-at="2020-09-16T15:04:57 IST" duration-ms="9226" status="PASS">
          <reporter-output>
          </reporter-output>
        </test-method> <!-- doVerifyLogin -->
        <test-method signature="doVerifyHomePageTitle()[pri:3, instance:com.qa.amazon.testpages.LoginPageTest@3a6bb9bf]" started-at="2020-09-16T15:04:57 IST" name="doVerifyHomePageTitle" finished-at="2020-09-16T15:04:58 IST" duration-ms="703" status="PASS">
          <reporter-output>
          </reporter-output>
        </test-method> <!-- doVerifyHomePageTitle -->
        <test-method is-config="true" signature="tearDown()[pri:0, instance:com.qa.amazon.testpages.LoginPageTest@3a6bb9bf]" started-at="2020-09-16T15:04:58 IST" name="tearDown" finished-at="2020-09-16T15:04:58 IST" duration-ms="379" status="PASS">
          <reporter-output>
          </reporter-output>
        </test-method> <!-- tearDown -->
      </class> <!-- com.qa.amazon.testpages.LoginPageTest -->
    </test> <!-- Default test -->
  </suite> <!-- Default suite -->
</testng-results>
